<?xml version="1.0" encoding="UTF-8"?>
<robot generator="Robot 6.1.1 (Python 3.10.6 on win32)" generated="20231120 13:13:32.781" rpa="false" schemaversion="4">
<suite id="s1" name="Tests" source="E:\Koulujuttuja\OHTU\palautusrepositorio\viikko3\web-login\src\tests">
<suite id="s1-s1" name="Home" source="E:\Koulujuttuja\OHTU\palautusrepositorio\viikko3\web-login\src\tests\home.robot">
<kw name="Open And Configure Browser" library="resource" type="SETUP">
<kw name="Evaluate" library="BuiltIn">
<var>${options}</var>
<arg>sys.modules['selenium.webdriver'].FirefoxOptions()</arg>
<arg>sys</arg>
<doc>Evaluates the given expression in Python and returns the result.</doc>
<msg timestamp="20231120 13:13:35.083" level="INFO">${options} = &lt;selenium.webdriver.firefox.options.Options object at 0x000001CE7C4CE6E0&gt;</msg>
<status status="PASS" starttime="20231120 13:13:35.083" endtime="20231120 13:13:35.083"/>
</kw>
<kw name="Call Method" library="BuiltIn">
<arg>${options}</arg>
<arg>add_argument</arg>
<arg>--no-sandbox</arg>
<doc>Calls the named method of the given object with the provided arguments.</doc>
<status status="PASS" starttime="20231120 13:13:35.083" endtime="20231120 13:13:35.084"/>
</kw>
<kw name="Open Browser" library="SeleniumLibrary">
<arg>browser=firefox</arg>
<arg>options=${options}</arg>
<doc>Opens a new browser instance to the optional ``url``.</doc>
<msg timestamp="20231120 13:13:35.084" level="INFO">Opening browser 'firefox' to base url 'None'.</msg>
<status status="PASS" starttime="20231120 13:13:35.084" endtime="20231120 13:13:40.608"/>
</kw>
<kw name="Set Selenium Speed" library="SeleniumLibrary">
<arg>${DELAY}</arg>
<doc>Sets the delay that is waited after each Selenium command.</doc>
<status status="PASS" starttime="20231120 13:13:40.608" endtime="20231120 13:13:40.609"/>
</kw>
<status status="PASS" starttime="20231120 13:13:35.083" endtime="20231120 13:13:40.609"/>
</kw>
<test id="s1-s1-t1" name="Click Login Link" line="8">
<kw name="Go To Starting Page" library="resource" type="SETUP">
<kw name="Go To" library="SeleniumLibrary">
<arg>${HOME_URL}</arg>
<doc>Navigates the current browser window to the provided ``url``.</doc>
<msg timestamp="20231120 13:13:40.610" level="INFO">Opening url 'http://localhost:5001'</msg>
<status status="PASS" starttime="20231120 13:13:40.609" endtime="20231120 13:13:40.681"/>
</kw>
<status status="PASS" starttime="20231120 13:13:40.609" endtime="20231120 13:13:40.681"/>
</kw>
<kw name="Click Link" library="SeleniumLibrary">
<arg>Login</arg>
<doc>Clicks a link identified by ``locator``.</doc>
<msg timestamp="20231120 13:13:40.682" level="INFO">Clicking link 'Login'.</msg>
<status status="PASS" starttime="20231120 13:13:40.681" endtime="20231120 13:13:40.789"/>
</kw>
<kw name="Login Page Should Be Open" library="resource">
<kw name="Title Should Be" library="SeleniumLibrary">
<arg>Login</arg>
<doc>Verifies that the current page title equals ``title``.</doc>
<msg timestamp="20231120 13:13:40.804" level="INFO">Page title is 'Login'.</msg>
<status status="PASS" starttime="20231120 13:13:40.789" endtime="20231120 13:13:40.804"/>
</kw>
<status status="PASS" starttime="20231120 13:13:40.789" endtime="20231120 13:13:40.804"/>
</kw>
<status status="PASS" starttime="20231120 13:13:40.609" endtime="20231120 13:13:40.804"/>
</test>
<test id="s1-s1-t2" name="Click Register Link" line="12">
<kw name="Go To Starting Page" library="resource" type="SETUP">
<kw name="Go To" library="SeleniumLibrary">
<arg>${HOME_URL}</arg>
<doc>Navigates the current browser window to the provided ``url``.</doc>
<msg timestamp="20231120 13:13:40.805" level="INFO">Opening url 'http://localhost:5001'</msg>
<status status="PASS" starttime="20231120 13:13:40.805" endtime="20231120 13:13:40.835"/>
</kw>
<status status="PASS" starttime="20231120 13:13:40.804" endtime="20231120 13:13:40.835"/>
</kw>
<kw name="Click Link" library="SeleniumLibrary">
<arg>Register new user</arg>
<doc>Clicks a link identified by ``locator``.</doc>
<msg timestamp="20231120 13:13:40.836" level="INFO">Clicking link 'Register new user'.</msg>
<status status="PASS" starttime="20231120 13:13:40.835" endtime="20231120 13:13:40.912"/>
</kw>
<kw name="Register Page Should Be Open" library="resource">
<kw name="Title Should Be" library="SeleniumLibrary">
<arg>Register</arg>
<doc>Verifies that the current page title equals ``title``.</doc>
<msg timestamp="20231120 13:13:40.927" level="INFO">Page title is 'Register'.</msg>
<status status="PASS" starttime="20231120 13:13:40.912" endtime="20231120 13:13:40.927"/>
</kw>
<status status="PASS" starttime="20231120 13:13:40.912" endtime="20231120 13:13:40.927"/>
</kw>
<status status="PASS" starttime="20231120 13:13:40.804" endtime="20231120 13:13:40.927"/>
</test>
<kw name="Close Browser" library="SeleniumLibrary" type="TEARDOWN">
<doc>Closes the current browser.</doc>
<status status="PASS" starttime="20231120 13:13:40.928" endtime="20231120 13:13:44.071"/>
</kw>
<status status="PASS" starttime="20231120 13:13:32.803" endtime="20231120 13:13:44.071"/>
</suite>
<suite id="s1-s2" name="Login" source="E:\Koulujuttuja\OHTU\palautusrepositorio\viikko3\web-login\src\tests\login.robot">
<kw name="Open And Configure Browser" library="resource" type="SETUP">
<kw name="Evaluate" library="BuiltIn">
<var>${options}</var>
<arg>sys.modules['selenium.webdriver'].FirefoxOptions()</arg>
<arg>sys</arg>
<doc>Evaluates the given expression in Python and returns the result.</doc>
<msg timestamp="20231120 13:13:44.084" level="INFO">${options} = &lt;selenium.webdriver.firefox.options.Options object at 0x000001CE7C4CF880&gt;</msg>
<status status="PASS" starttime="20231120 13:13:44.084" endtime="20231120 13:13:44.084"/>
</kw>
<kw name="Call Method" library="BuiltIn">
<arg>${options}</arg>
<arg>add_argument</arg>
<arg>--no-sandbox</arg>
<doc>Calls the named method of the given object with the provided arguments.</doc>
<status status="PASS" starttime="20231120 13:13:44.084" endtime="20231120 13:13:44.085"/>
</kw>
<kw name="Open Browser" library="SeleniumLibrary">
<arg>browser=firefox</arg>
<arg>options=${options}</arg>
<doc>Opens a new browser instance to the optional ``url``.</doc>
<msg timestamp="20231120 13:13:44.085" level="INFO">Opening browser 'firefox' to base url 'None'.</msg>
<status status="PASS" starttime="20231120 13:13:44.085" endtime="20231120 13:13:49.471"/>
</kw>
<kw name="Set Selenium Speed" library="SeleniumLibrary">
<arg>${DELAY}</arg>
<doc>Sets the delay that is waited after each Selenium command.</doc>
<status status="PASS" starttime="20231120 13:13:49.471" endtime="20231120 13:13:49.471"/>
</kw>
<status status="PASS" starttime="20231120 13:13:44.083" endtime="20231120 13:13:49.471"/>
</kw>
<test id="s1-s2-t1" name="Login With Correct Credentials" line="8">
<kw name="Create User And Go To Login Page" type="SETUP">
<kw name="Create User" library="AppLibrary">
<arg>kalle</arg>
<arg>kalle123</arg>
<status status="PASS" starttime="20231120 13:13:49.472" endtime="20231120 13:13:55.593"/>
</kw>
<kw name="Go To Login Page" library="resource">
<kw name="Go To" library="SeleniumLibrary">
<arg>${LOGIN_URL}</arg>
<doc>Navigates the current browser window to the provided ``url``.</doc>
<msg timestamp="20231120 13:13:55.595" level="INFO">Opening url 'http://localhost:5001/login'</msg>
<status status="PASS" starttime="20231120 13:13:55.594" endtime="20231120 13:13:55.680"/>
</kw>
<status status="PASS" starttime="20231120 13:13:55.594" endtime="20231120 13:13:55.680"/>
</kw>
<kw name="Login Page Should Be Open" library="resource">
<kw name="Title Should Be" library="SeleniumLibrary">
<arg>Login</arg>
<doc>Verifies that the current page title equals ``title``.</doc>
<msg timestamp="20231120 13:13:55.711" level="INFO">Page title is 'Login'.</msg>
<status status="PASS" starttime="20231120 13:13:55.680" endtime="20231120 13:13:55.711"/>
</kw>
<status status="PASS" starttime="20231120 13:13:55.680" endtime="20231120 13:13:55.711"/>
</kw>
<status status="PASS" starttime="20231120 13:13:49.472" endtime="20231120 13:13:55.711"/>
</kw>
<kw name="Set Username">
<arg>kalle</arg>
<kw name="Input Text" library="SeleniumLibrary">
<arg>username</arg>
<arg>${username}</arg>
<doc>Types the given ``text`` into the text field identified by ``locator``.</doc>
<msg timestamp="20231120 13:13:55.712" level="INFO">Typing text 'kalle' into text field 'username'.</msg>
<status status="PASS" starttime="20231120 13:13:55.711" endtime="20231120 13:13:55.834"/>
</kw>
<status status="PASS" starttime="20231120 13:13:55.711" endtime="20231120 13:13:55.834"/>
</kw>
<kw name="Set Password">
<arg>kalle123</arg>
<kw name="Input Password" library="SeleniumLibrary">
<arg>password</arg>
<arg>${password}</arg>
<doc>Types the given password into the text field identified by ``locator``.</doc>
<msg timestamp="20231120 13:13:55.835" level="INFO">Typing password into text field 'password'.</msg>
<msg timestamp="20231120 13:13:55.880" level="INFO">Temporally setting log level to: NONE</msg>
<msg timestamp="20231120 13:13:55.913" level="INFO">Log level changed from NONE to INFO.</msg>
<status status="PASS" starttime="20231120 13:13:55.834" endtime="20231120 13:13:55.913"/>
</kw>
<status status="PASS" starttime="20231120 13:13:55.834" endtime="20231120 13:13:55.914"/>
</kw>
<kw name="Submit Credentials">
<kw name="Click Button" library="SeleniumLibrary">
<arg>Login</arg>
<doc>Clicks the button identified by ``locator``.</doc>
<msg timestamp="20231120 13:13:55.918" level="INFO">Clicking button 'Login'.</msg>
<status status="PASS" starttime="20231120 13:13:55.915" endtime="20231120 13:13:56.049"/>
</kw>
<status status="PASS" starttime="20231120 13:13:55.914" endtime="20231120 13:13:56.049"/>
</kw>
<kw name="Login Should Succeed">
<kw name="Main Page Should Be Open" library="resource">
<kw name="Title Should Be" library="SeleniumLibrary">
<arg>Ohtu Application main page</arg>
<doc>Verifies that the current page title equals ``title``.</doc>
<msg timestamp="20231120 13:13:56.080" level="INFO">Page title is 'Ohtu Application main page'.</msg>
<status status="PASS" starttime="20231120 13:13:56.050" endtime="20231120 13:13:56.080"/>
</kw>
<status status="PASS" starttime="20231120 13:13:56.050" endtime="20231120 13:13:56.080"/>
</kw>
<status status="PASS" starttime="20231120 13:13:56.049" endtime="20231120 13:13:56.080"/>
</kw>
<status status="PASS" starttime="20231120 13:13:49.471" endtime="20231120 13:13:56.081"/>
</test>
<test id="s1-s2-t2" name="Login With Incorrect Password" line="14">
<kw name="Create User And Go To Login Page" type="SETUP">
<kw name="Create User" library="AppLibrary">
<arg>kalle</arg>
<arg>kalle123</arg>
<status status="PASS" starttime="20231120 13:13:56.081" endtime="20231120 13:14:02.195"/>
</kw>
<kw name="Go To Login Page" library="resource">
<kw name="Go To" library="SeleniumLibrary">
<arg>${LOGIN_URL}</arg>
<doc>Navigates the current browser window to the provided ``url``.</doc>
<msg timestamp="20231120 13:14:02.196" level="INFO">Opening url 'http://localhost:5001/login'</msg>
<status status="PASS" starttime="20231120 13:14:02.195" endtime="20231120 13:14:02.252"/>
</kw>
<status status="PASS" starttime="20231120 13:14:02.195" endtime="20231120 13:14:02.252"/>
</kw>
<kw name="Login Page Should Be Open" library="resource">
<kw name="Title Should Be" library="SeleniumLibrary">
<arg>Login</arg>
<doc>Verifies that the current page title equals ``title``.</doc>
<msg timestamp="20231120 13:14:02.268" level="INFO">Page title is 'Login'.</msg>
<status status="PASS" starttime="20231120 13:14:02.252" endtime="20231120 13:14:02.268"/>
</kw>
<status status="PASS" starttime="20231120 13:14:02.252" endtime="20231120 13:14:02.268"/>
</kw>
<status status="PASS" starttime="20231120 13:13:56.081" endtime="20231120 13:14:02.269"/>
</kw>
<kw name="Set Username">
<arg>kalle</arg>
<kw name="Input Text" library="SeleniumLibrary">
<arg>username</arg>
<arg>${username}</arg>
<doc>Types the given ``text`` into the text field identified by ``locator``.</doc>
<msg timestamp="20231120 13:14:02.272" level="INFO">Typing text 'kalle' into text field 'username'.</msg>
<status status="PASS" starttime="20231120 13:14:02.270" endtime="20231120 13:14:02.359"/>
</kw>
<status status="PASS" starttime="20231120 13:14:02.269" endtime="20231120 13:14:02.359"/>
</kw>
<kw name="Set Password">
<arg>kalle456</arg>
<kw name="Input Password" library="SeleniumLibrary">
<arg>password</arg>
<arg>${password}</arg>
<doc>Types the given password into the text field identified by ``locator``.</doc>
<msg timestamp="20231120 13:14:02.360" level="INFO">Typing password into text field 'password'.</msg>
<msg timestamp="20231120 13:14:02.390" level="INFO">Temporally setting log level to: NONE</msg>
<msg timestamp="20231120 13:14:02.406" level="INFO">Log level changed from NONE to INFO.</msg>
<status status="PASS" starttime="20231120 13:14:02.360" endtime="20231120 13:14:02.406"/>
</kw>
<status status="PASS" starttime="20231120 13:14:02.360" endtime="20231120 13:14:02.406"/>
</kw>
<kw name="Submit Credentials">
<kw name="Click Button" library="SeleniumLibrary">
<arg>Login</arg>
<doc>Clicks the button identified by ``locator``.</doc>
<msg timestamp="20231120 13:14:02.407" level="INFO">Clicking button 'Login'.</msg>
<status status="PASS" starttime="20231120 13:14:02.406" endtime="20231120 13:14:02.529"/>
</kw>
<status status="PASS" starttime="20231120 13:14:02.406" endtime="20231120 13:14:02.529"/>
</kw>
<kw name="Login Should Fail With Message">
<arg>Invalid username or password</arg>
<kw name="Login Page Should Be Open" library="resource">
<kw name="Title Should Be" library="SeleniumLibrary">
<arg>Login</arg>
<doc>Verifies that the current page title equals ``title``.</doc>
<msg timestamp="20231120 13:14:02.544" level="INFO">Page title is 'Login'.</msg>
<status status="PASS" starttime="20231120 13:14:02.530" endtime="20231120 13:14:02.544"/>
</kw>
<status status="PASS" starttime="20231120 13:14:02.529" endtime="20231120 13:14:02.544"/>
</kw>
<kw name="Page Should Contain" library="SeleniumLibrary">
<arg>${message}</arg>
<doc>Verifies that current page contains ``text``.</doc>
<msg timestamp="20231120 13:14:02.590" level="INFO">Current page contains text 'Invalid username or password'.</msg>
<status status="PASS" starttime="20231120 13:14:02.545" endtime="20231120 13:14:02.590"/>
</kw>
<status status="PASS" starttime="20231120 13:14:02.529" endtime="20231120 13:14:02.590"/>
</kw>
<status status="PASS" starttime="20231120 13:13:56.081" endtime="20231120 13:14:02.591"/>
</test>
<kw name="Close Browser" library="SeleniumLibrary" type="TEARDOWN">
<doc>Closes the current browser.</doc>
<status status="PASS" starttime="20231120 13:14:02.591" endtime="20231120 13:14:05.333"/>
</kw>
<status status="PASS" starttime="20231120 13:13:44.073" endtime="20231120 13:14:05.333"/>
</suite>
<status status="PASS" starttime="20231120 13:13:32.782" endtime="20231120 13:14:05.334"/>
</suite>
<statistics>
<total>
<stat pass="4" fail="0" skip="0">All Tests</stat>
</total>
<tag>
</tag>
<suite>
<stat pass="4" fail="0" skip="0" id="s1" name="Tests">Tests</stat>
<stat pass="2" fail="0" skip="0" id="s1-s1" name="Home">Tests.Home</stat>
<stat pass="2" fail="0" skip="0" id="s1-s2" name="Login">Tests.Login</stat>
</suite>
</statistics>
<errors>
</errors>
</robot>
