<?xml version="1.0" encoding="UTF-8"?>
<robot generator="Robot 6.1.1 (Python 3.10.6 on win32)" generated="20231120 12:37:45.118" rpa="false" schemaversion="4">
<suite id="s1" name="Tests" source="E:\Koulujuttuja\OHTU\palautusrepositorio\viikko3\login-robot\src\tests">
<suite id="s1-s1" name="Login" source="E:\Koulujuttuja\OHTU\palautusrepositorio\viikko3\login-robot\src\tests\login.robot">
<test id="s1-s1-t1" name="Login With Correct Credentials" line="6">
<kw name="Create User And Input Login Command" type="SETUP">
<kw name="Create User" library="AppLibrary">
<arg>kalle</arg>
<arg>kalle123</arg>
<status status="PASS" starttime="20231120 12:37:45.161" endtime="20231120 12:37:45.161"/>
</kw>
<kw name="Input Login Command" library="resource">
<kw name="Input" library="AppLibrary">
<arg>login</arg>
<status status="PASS" starttime="20231120 12:37:45.162" endtime="20231120 12:37:45.162"/>
</kw>
<status status="PASS" starttime="20231120 12:37:45.161" endtime="20231120 12:37:45.162"/>
</kw>
<status status="PASS" starttime="20231120 12:37:45.161" endtime="20231120 12:37:45.162"/>
</kw>
<kw name="Input Credentials" library="resource">
<arg>kalle</arg>
<arg>kalle123</arg>
<kw name="Input" library="AppLibrary">
<arg>${username}</arg>
<status status="PASS" starttime="20231120 12:37:45.162" endtime="20231120 12:37:45.162"/>
</kw>
<kw name="Input" library="AppLibrary">
<arg>${password}</arg>
<status status="PASS" starttime="20231120 12:37:45.162" endtime="20231120 12:37:45.162"/>
</kw>
<kw name="Run Application" library="AppLibrary">
<status status="PASS" starttime="20231120 12:37:45.163" endtime="20231120 12:37:45.163"/>
</kw>
<status status="PASS" starttime="20231120 12:37:45.162" endtime="20231120 12:37:45.163"/>
</kw>
<kw name="Output Should Contain" library="AppLibrary">
<arg>Logged in</arg>
<status status="PASS" starttime="20231120 12:37:45.163" endtime="20231120 12:37:45.163"/>
</kw>
<status status="PASS" starttime="20231120 12:37:45.160" endtime="20231120 12:37:45.163"/>
</test>
<test id="s1-s1-t2" name="Login With Incorrect Password" line="10">
<kw name="Create User And Input Login Command" type="SETUP">
<kw name="Create User" library="AppLibrary">
<arg>kalle</arg>
<arg>kalle123</arg>
<status status="PASS" starttime="20231120 12:37:45.163" endtime="20231120 12:37:45.164"/>
</kw>
<kw name="Input Login Command" library="resource">
<kw name="Input" library="AppLibrary">
<arg>login</arg>
<status status="PASS" starttime="20231120 12:37:45.164" endtime="20231120 12:37:45.164"/>
</kw>
<status status="PASS" starttime="20231120 12:37:45.164" endtime="20231120 12:37:45.164"/>
</kw>
<status status="PASS" starttime="20231120 12:37:45.163" endtime="20231120 12:37:45.164"/>
</kw>
<kw name="Input Credentials" library="resource">
<arg>kalle</arg>
<arg>icorrect</arg>
<kw name="Input" library="AppLibrary">
<arg>${username}</arg>
<status status="PASS" starttime="20231120 12:37:45.164" endtime="20231120 12:37:45.164"/>
</kw>
<kw name="Input" library="AppLibrary">
<arg>${password}</arg>
<status status="PASS" starttime="20231120 12:37:45.165" endtime="20231120 12:37:45.165"/>
</kw>
<kw name="Run Application" library="AppLibrary">
<status status="PASS" starttime="20231120 12:37:45.165" endtime="20231120 12:37:45.165"/>
</kw>
<status status="PASS" starttime="20231120 12:37:45.164" endtime="20231120 12:37:45.165"/>
</kw>
<kw name="Output Should Contain" library="AppLibrary">
<arg>Invalid username or password</arg>
<status status="PASS" starttime="20231120 12:37:45.165" endtime="20231120 12:37:45.165"/>
</kw>
<status status="PASS" starttime="20231120 12:37:45.163" endtime="20231120 12:37:45.165"/>
</test>
<test id="s1-s1-t3" name="Login With Nonexistent Username" line="14">
<kw name="Create User And Input Login Command" type="SETUP">
<kw name="Create User" library="AppLibrary">
<arg>kalle</arg>
<arg>kalle123</arg>
<status status="PASS" starttime="20231120 12:37:45.166" endtime="20231120 12:37:45.166"/>
</kw>
<kw name="Input Login Command" library="resource">
<kw name="Input" library="AppLibrary">
<arg>login</arg>
<status status="PASS" starttime="20231120 12:37:45.166" endtime="20231120 12:37:45.166"/>
</kw>
<status status="PASS" starttime="20231120 12:37:45.166" endtime="20231120 12:37:45.166"/>
</kw>
<status status="PASS" starttime="20231120 12:37:45.165" endtime="20231120 12:37:45.166"/>
</kw>
<kw name="Input Credentials" library="resource">
<arg>\</arg>
<arg>asd</arg>
<kw name="Input" library="AppLibrary">
<arg>${username}</arg>
<status status="PASS" starttime="20231120 12:37:45.167" endtime="20231120 12:37:45.167"/>
</kw>
<kw name="Input" library="AppLibrary">
<arg>${password}</arg>
<status status="PASS" starttime="20231120 12:37:45.167" endtime="20231120 12:37:45.167"/>
</kw>
<kw name="Run Application" library="AppLibrary">
<status status="PASS" starttime="20231120 12:37:45.167" endtime="20231120 12:37:45.167"/>
</kw>
<status status="PASS" starttime="20231120 12:37:45.167" endtime="20231120 12:37:45.167"/>
</kw>
<kw name="Output Should Contain" library="AppLibrary">
<arg>Username and password are required</arg>
<status status="PASS" starttime="20231120 12:37:45.167" endtime="20231120 12:37:45.167"/>
</kw>
<status status="PASS" starttime="20231120 12:37:45.165" endtime="20231120 12:37:45.168"/>
</test>
<status status="PASS" starttime="20231120 12:37:45.141" endtime="20231120 12:37:45.168"/>
</suite>
<suite id="s1-s2" name="Register" source="E:\Koulujuttuja\OHTU\palautusrepositorio\viikko3\login-robot\src\tests\register.robot">
<test id="s1-s2-t1" name="Register With Valid Username And Password" line="6">
<kw name="Create User And Input New Command" type="SETUP">
<kw name="Create User" library="AppLibrary">
<arg>kalle</arg>
<arg>kalle123</arg>
<status status="PASS" starttime="20231120 12:37:45.172" endtime="20231120 12:37:45.172"/>
</kw>
<kw name="Input New Command" library="resource">
<kw name="Input" library="AppLibrary">
<arg>new</arg>
<status status="PASS" starttime="20231120 12:37:45.173" endtime="20231120 12:37:45.173"/>
</kw>
<status status="PASS" starttime="20231120 12:37:45.172" endtime="20231120 12:37:45.173"/>
</kw>
<status status="PASS" starttime="20231120 12:37:45.172" endtime="20231120 12:37:45.173"/>
</kw>
<kw name="Input Credentials" library="resource">
<arg>matti</arg>
<arg>matti123</arg>
<kw name="Input" library="AppLibrary">
<arg>${username}</arg>
<status status="PASS" starttime="20231120 12:37:45.173" endtime="20231120 12:37:45.173"/>
</kw>
<kw name="Input" library="AppLibrary">
<arg>${password}</arg>
<status status="PASS" starttime="20231120 12:37:45.173" endtime="20231120 12:37:45.173"/>
</kw>
<kw name="Run Application" library="AppLibrary">
<status status="PASS" starttime="20231120 12:37:45.174" endtime="20231120 12:37:45.174"/>
</kw>
<status status="PASS" starttime="20231120 12:37:45.173" endtime="20231120 12:37:45.174"/>
</kw>
<kw name="Output Should Contain" library="AppLibrary">
<arg>New user registered</arg>
<status status="PASS" starttime="20231120 12:37:45.174" endtime="20231120 12:37:45.174"/>
</kw>
<status status="PASS" starttime="20231120 12:37:45.172" endtime="20231120 12:37:45.174"/>
</test>
<test id="s1-s2-t2" name="Register With Already Taken Username And Valid Password" line="10">
<kw name="Create User And Input New Command" type="SETUP">
<kw name="Create User" library="AppLibrary">
<arg>kalle</arg>
<arg>kalle123</arg>
<status status="PASS" starttime="20231120 12:37:45.175" endtime="20231120 12:37:45.175"/>
</kw>
<kw name="Input New Command" library="resource">
<kw name="Input" library="AppLibrary">
<arg>new</arg>
<status status="PASS" starttime="20231120 12:37:45.175" endtime="20231120 12:37:45.175"/>
</kw>
<status status="PASS" starttime="20231120 12:37:45.175" endtime="20231120 12:37:45.175"/>
</kw>
<status status="PASS" starttime="20231120 12:37:45.174" endtime="20231120 12:37:45.175"/>
</kw>
<kw name="Input Credentials" library="resource">
<arg>kalle</arg>
<arg>salasana123</arg>
<kw name="Input" library="AppLibrary">
<arg>${username}</arg>
<status status="PASS" starttime="20231120 12:37:45.175" endtime="20231120 12:37:45.175"/>
</kw>
<kw name="Input" library="AppLibrary">
<arg>${password}</arg>
<status status="PASS" starttime="20231120 12:37:45.176" endtime="20231120 12:37:45.176"/>
</kw>
<kw name="Run Application" library="AppLibrary">
<status status="PASS" starttime="20231120 12:37:45.176" endtime="20231120 12:37:45.176"/>
</kw>
<status status="PASS" starttime="20231120 12:37:45.175" endtime="20231120 12:37:45.176"/>
</kw>
<kw name="Output Should Contain" library="AppLibrary">
<arg>User with username kalle already exists</arg>
<status status="PASS" starttime="20231120 12:37:45.176" endtime="20231120 12:37:45.176"/>
</kw>
<status status="PASS" starttime="20231120 12:37:45.174" endtime="20231120 12:37:45.176"/>
</test>
<test id="s1-s2-t3" name="Register With Too Short Username And Valid Password" line="14">
<kw name="Create User And Input New Command" type="SETUP">
<kw name="Create User" library="AppLibrary">
<arg>kalle</arg>
<arg>kalle123</arg>
<status status="PASS" starttime="20231120 12:37:45.177" endtime="20231120 12:37:45.177"/>
</kw>
<kw name="Input New Command" library="resource">
<kw name="Input" library="AppLibrary">
<arg>new</arg>
<status status="PASS" starttime="20231120 12:37:45.177" endtime="20231120 12:37:45.177"/>
</kw>
<status status="PASS" starttime="20231120 12:37:45.177" endtime="20231120 12:37:45.177"/>
</kw>
<status status="PASS" starttime="20231120 12:37:45.177" endtime="20231120 12:37:45.177"/>
</kw>
<kw name="Input Credentials" library="resource">
<arg>m</arg>
<arg>matti123</arg>
<kw name="Input" library="AppLibrary">
<arg>${username}</arg>
<status status="PASS" starttime="20231120 12:37:45.177" endtime="20231120 12:37:45.178"/>
</kw>
<kw name="Input" library="AppLibrary">
<arg>${password}</arg>
<status status="PASS" starttime="20231120 12:37:45.178" endtime="20231120 12:37:45.178"/>
</kw>
<kw name="Run Application" library="AppLibrary">
<status status="PASS" starttime="20231120 12:37:45.178" endtime="20231120 12:37:45.178"/>
</kw>
<status status="PASS" starttime="20231120 12:37:45.177" endtime="20231120 12:37:45.178"/>
</kw>
<kw name="Output Should Contain" library="AppLibrary">
<arg>Username is too short</arg>
<status status="PASS" starttime="20231120 12:37:45.178" endtime="20231120 12:37:45.178"/>
</kw>
<status status="PASS" starttime="20231120 12:37:45.176" endtime="20231120 12:37:45.178"/>
</test>
<test id="s1-s2-t4" name="Register With Enough Long But Invalid Username And Valid Password" line="18">
<kw name="Create User And Input New Command" type="SETUP">
<kw name="Create User" library="AppLibrary">
<arg>kalle</arg>
<arg>kalle123</arg>
<status status="PASS" starttime="20231120 12:37:45.179" endtime="20231120 12:37:45.179"/>
</kw>
<kw name="Input New Command" library="resource">
<kw name="Input" library="AppLibrary">
<arg>new</arg>
<status status="PASS" starttime="20231120 12:37:45.179" endtime="20231120 12:37:45.179"/>
</kw>
<status status="PASS" starttime="20231120 12:37:45.179" endtime="20231120 12:37:45.179"/>
</kw>
<status status="PASS" starttime="20231120 12:37:45.179" endtime="20231120 12:37:45.179"/>
</kw>
<kw name="Input Credentials" library="resource">
<arg>MATT1asd</arg>
<arg>matti123</arg>
<kw name="Input" library="AppLibrary">
<arg>${username}</arg>
<status status="PASS" starttime="20231120 12:37:45.180" endtime="20231120 12:37:45.180"/>
</kw>
<kw name="Input" library="AppLibrary">
<arg>${password}</arg>
<status status="PASS" starttime="20231120 12:37:45.180" endtime="20231120 12:37:45.180"/>
</kw>
<kw name="Run Application" library="AppLibrary">
<status status="PASS" starttime="20231120 12:37:45.180" endtime="20231120 12:37:45.180"/>
</kw>
<status status="PASS" starttime="20231120 12:37:45.179" endtime="20231120 12:37:45.180"/>
</kw>
<kw name="Output Should Contain" library="AppLibrary">
<arg>Invalid username</arg>
<status status="PASS" starttime="20231120 12:37:45.180" endtime="20231120 12:37:45.180"/>
</kw>
<status status="PASS" starttime="20231120 12:37:45.178" endtime="20231120 12:37:45.180"/>
</test>
<test id="s1-s2-t5" name="Register With Valid Username And Too Short Password" line="22">
<kw name="Create User And Input New Command" type="SETUP">
<kw name="Create User" library="AppLibrary">
<arg>kalle</arg>
<arg>kalle123</arg>
<status status="PASS" starttime="20231120 12:37:45.181" endtime="20231120 12:37:45.181"/>
</kw>
<kw name="Input New Command" library="resource">
<kw name="Input" library="AppLibrary">
<arg>new</arg>
<status status="PASS" starttime="20231120 12:37:45.181" endtime="20231120 12:37:45.181"/>
</kw>
<status status="PASS" starttime="20231120 12:37:45.181" endtime="20231120 12:37:45.182"/>
</kw>
<status status="PASS" starttime="20231120 12:37:45.181" endtime="20231120 12:37:45.182"/>
</kw>
<kw name="Input Credentials" library="resource">
<arg>matti</arg>
<arg>matt1</arg>
<kw name="Input" library="AppLibrary">
<arg>${username}</arg>
<status status="PASS" starttime="20231120 12:37:45.182" endtime="20231120 12:37:45.182"/>
</kw>
<kw name="Input" library="AppLibrary">
<arg>${password}</arg>
<status status="PASS" starttime="20231120 12:37:45.182" endtime="20231120 12:37:45.182"/>
</kw>
<kw name="Run Application" library="AppLibrary">
<status status="PASS" starttime="20231120 12:37:45.182" endtime="20231120 12:37:45.182"/>
</kw>
<status status="PASS" starttime="20231120 12:37:45.182" endtime="20231120 12:37:45.182"/>
</kw>
<kw name="Output Should Contain" library="AppLibrary">
<arg>Password is too short</arg>
<status status="PASS" starttime="20231120 12:37:45.182" endtime="20231120 12:37:45.183"/>
</kw>
<status status="PASS" starttime="20231120 12:37:45.181" endtime="20231120 12:37:45.183"/>
</test>
<test id="s1-s2-t6" name="Register With Valid Username And Long Enough Password Containing Only Letters" line="26">
<kw name="Create User And Input New Command" type="SETUP">
<kw name="Create User" library="AppLibrary">
<arg>kalle</arg>
<arg>kalle123</arg>
<status status="PASS" starttime="20231120 12:37:45.183" endtime="20231120 12:37:45.183"/>
</kw>
<kw name="Input New Command" library="resource">
<kw name="Input" library="AppLibrary">
<arg>new</arg>
<status status="PASS" starttime="20231120 12:37:45.184" endtime="20231120 12:37:45.184"/>
</kw>
<status status="PASS" starttime="20231120 12:37:45.183" endtime="20231120 12:37:45.184"/>
</kw>
<status status="PASS" starttime="20231120 12:37:45.183" endtime="20231120 12:37:45.184"/>
</kw>
<kw name="Input Credentials" library="resource">
<arg>matti</arg>
<arg>mattiaaaaaa</arg>
<kw name="Input" library="AppLibrary">
<arg>${username}</arg>
<status status="PASS" starttime="20231120 12:37:45.184" endtime="20231120 12:37:45.184"/>
</kw>
<kw name="Input" library="AppLibrary">
<arg>${password}</arg>
<status status="PASS" starttime="20231120 12:37:45.184" endtime="20231120 12:37:45.184"/>
</kw>
<kw name="Run Application" library="AppLibrary">
<status status="PASS" starttime="20231120 12:37:45.184" endtime="20231120 12:37:45.185"/>
</kw>
<status status="PASS" starttime="20231120 12:37:45.184" endtime="20231120 12:37:45.185"/>
</kw>
<kw name="Output Should Contain" library="AppLibrary">
<arg>Password must contain atleast one number</arg>
<status status="PASS" starttime="20231120 12:37:45.185" endtime="20231120 12:37:45.185"/>
</kw>
<status status="PASS" starttime="20231120 12:37:45.183" endtime="20231120 12:37:45.185"/>
</test>
<status status="PASS" starttime="20231120 12:37:45.168" endtime="20231120 12:37:45.185"/>
</suite>
<status status="PASS" starttime="20231120 12:37:45.120" endtime="20231120 12:37:45.186"/>
</suite>
<statistics>
<total>
<stat pass="9" fail="0" skip="0">All Tests</stat>
</total>
<tag>
</tag>
<suite>
<stat pass="9" fail="0" skip="0" id="s1" name="Tests">Tests</stat>
<stat pass="3" fail="0" skip="0" id="s1-s1" name="Login">Tests.Login</stat>
<stat pass="6" fail="0" skip="0" id="s1-s2" name="Register">Tests.Register</stat>
</suite>
</statistics>
<errors>
</errors>
</robot>
